BTS/BTC,7.67%,Poloniex,8.18e-06,Bittrex,8.86e-06,0.00000852%
DOGE/BTC,5.88%,Bittrex,1.6e-07,Poloniex,1.7e-07,0.00000017%
NTO/BTC,5.56%,CoinExchange,1.7e-06,HitBTC,1.8e-06,0.00000175%
XRP/BTC,5.50%,Bitstamp,3.344e-05,Gatehub,3.53861e-05,0.00003378%
BTS/BTC,7.67%,Poloniex,8.18e-06,Bittrex,8.86e-06,0.00000852%
DOGE/BTC,5.88%,Bittrex,1.6e-07,Poloniex,1.7e-07,0.00000017%
NTO/BTC,5.56%,CoinExchange,1.7e-06,HitBTC,1.8e-06,0.00000175%
XRP/BTC,5.50%,Bitstamp,3.344e-05,Gatehub,3.53861e-05,0.00003378%
BTS/BTC,8.35%,Poloniex,0.00000812,Bittrex,0.00000886,0.00000849
DOGE/BTC,5.88%,Bittrex,0.00000016,Poloniex,0.00000017,0.00000017
XRP/BTC,5.66%,Kraken,0.00003327,Gatehub,0.00003527,0.00003374
NTO/BTC,5.56%,CoinExchange,0.00000170,HitBTC,0.00000180,0.00000175
MAID/BTC,6.04%,Poloniex,5.511e-05,HitBTC,5.865e-05,0.00005642%
MAID/BTC,6.04%,Poloniex,0.00005511,HitBTC,0.00005865,0.00005642
AST/BTC,5.12%,Binance,0.00003615,Liqui,0.00003810,0.00003712
BNT/BTC,5.02%,Binance,0.00032387,HitBTC,0.00034100,0.00033243
BTC/PLN,5.23%,Nevbit,20470.8,BitMarket,21600.0,21212.57500000%
DOGE/BTC,10.18%,Poloniex,0.00000015,HitBTC,0.00000017,0.00000016
BTC/PLN,5.23%,Nevbit,20470.80000000,BitMarket,21600.00000000,21212.57500000
MAID/BTC,5.14%,Bittrex,0.00005550,HitBTC,0.00005851,0.00005655
2017-10-21 08:06:19,BTS/BTC,7.90%,Poloniex,0.00000816,Bittrex,0.00000886,0.00000851
2017-10-21 08:06:19,MAID/BTC,6.25%,Poloniex,0.00005492,HitBTC,0.00005858,0.00005626
2017-10-21 08:06:19,XRP/BTC,5.89%,Kraken,0.00003314,Gatehub,0.00003521,0.00003364
2017-10-21 08:06:19,DOGE/BTC,5.88%,Poloniex,0.00000016,Bittrex,0.00000017,0.00000017
2017-10-21 08:06:19,NTO/BTC,5.56%,CoinExchange,0.00000170,HitBTC,0.00000180,0.00000175
2017-10-21 08:06:19,BTC/PLN,5.23%,Nevbit,20470.80000000,BitMarket,21600.00000000,21211.60000000
